Base path: C:/Program Files (x86)/Unity/Editor/Data
Pipe name: \\.\pipe\UnityShaderCompiler-3-7176
Cmd: getPlatforms
Cmd: compileSnippet
  api=5 type=0 insize=4867 outsize=1433 kw=DIRECTIONAL LIGHTMAP_ON DIRLIGHTMAP_OFF ok=1
Cmd: compileSnippet
  api=5 type=0 insize=4867 outsize=1562 kw=DIRECTIONAL LIGHTMAP_ON DIRLIGHTMAP_ON ok=1
Cmd: compileSnippet
  api=9 type=1 insize=4867 outsize=7 kw=DIRECTIONAL LIGHTMAP_OFF DIRLIGHTMAP_OFF ok=1
Cmd: compileSnippet
  api=5 type=0 insize=2800 outsize=2081 kw=DIRECTIONAL ok=1
Cmd: compileSnippet
  api=5 type=0 insize=2800 outsize=2605 kw=POINT_COOKIE ok=1
Cmd: compileSnippet
  api=5 type=0 insize=2800 outsize=2335 kw=DIRECTIONAL_COOKIE ok=1
Cmd: compileSnippet
  api=9 type=1 insize=2800 outsize=7 kw=DIRECTIONAL ok=1
Cmd: compileSnippet
  api=9 type=1 insize=2800 outsize=7 kw=SPOT ok=1
Unhandled exception: Readfile from pipe failed. GLE=파이프가 끝났습니다.


Quitting shader compiler process
